<component name="libraryTable">
  <library name="junit-4.11">
    <CLASSES>
      <root url="jar://$USER_HOME$/Downloads/opencv-4.8.0/opencv-4.8.0/modules/java/test/pure_test/lib/junit-4.11.jar!/" />
    </CLASSES>
    <JAVADOC />
    <SOURCES />
  </library>
</component>